<?xml version="1.0" encoding="UTF-8"?>
<!-- Generated by org.testng.reporters.JUnitReportReporter -->
<testsuite skipped="0" hostname="LAPTOP-BN5E6IUR" name="com.testNG.com.ParameterTest" tests="2" failures="0" timestamp="2021-06-11T16:05:18 IST" time="0.011" errors="0">
  <testcase name="empPasswd" time="0.009" classname="com.testNG.com.ParameterTest"/>
  <testcase name="empUsername" time="0.002" classname="com.testNG.com.ParameterTest"/>
</testsuite> <!-- com.testNG.com.ParameterTest -->
