<?xml version="1.0" encoding="UTF-8"?>
<!-- Generated by org.testng.reporters.JUnitReportReporter -->
<testsuite skipped="0" hostname="LAPTOP-BN5E6IUR" name="com.testNG.com.CarDriving" tests="4" failures="0" timestamp="2021-06-10T22:01:11 IST" time="0.019" errors="0">
  <testcase name="insertKey" time="0.013" classname="com.testNG.com.CarDriving"/>
  <testcase name="gearOne" time="0.003" classname="com.testNG.com.CarDriving"/>
  <testcase name="gearTwo" time="0.002" classname="com.testNG.com.CarDriving"/>
  <testcase name="stoptheCar" time="0.001" classname="com.testNG.com.CarDriving"/>
</testsuite> <!-- com.testNG.com.CarDriving -->
