<?xml version="1.0" encoding="UTF-8"?>
<!-- Generated by org.testng.reporters.JUnitReportReporter -->
<testsuite skipped="0" hostname="LAPTOP-BN5E6IUR" name="com.testNG.com.SiteLaunch" tests="2" failures="0" timestamp="2021-06-08T16:55:25 IST" time="0.009" errors="0">
  <testcase name="addToCart" time="0.005" classname="com.testNG.com.SiteLaunch"/>
  <testcase name="oneplusSearch" time="0.004" classname="com.testNG.com.SiteLaunch"/>
</testsuite> <!-- com.testNG.com.SiteLaunch -->
