<?xml version="1.0" encoding="UTF-8"?>
<!-- Generated by org.testng.reporters.JUnitReportReporter -->
<testsuite skipped="0" hostname="LAPTOP-BN5E6IUR" name="com.testNG.com.InvocationTest" tests="13" failures="0" timestamp="2021-06-10T22:21:19 IST" time="0.026" errors="0">
  <testcase name="developtheCode" time="0.002" classname="com.testNG.com.InvocationTest"/>
  <testcase name="testtheCode" time="0.002" classname="com.testNG.com.InvocationTest"/>
  <testcase name="testtheCode" time="0.000" classname="com.testNG.com.InvocationTest"/>
  <testcase name="testtheCode" time="0.001" classname="com.testNG.com.InvocationTest"/>
  <testcase name="developtheCode" time="0.002" classname="com.testNG.com.InvocationTest"/>
  <testcase name="developtheCode" time="0.002" classname="com.testNG.com.InvocationTest"/>
  <testcase name="testtheCode" time="0.001" classname="com.testNG.com.InvocationTest"/>
  <testcase name="testtheCode" time="0.001" classname="com.testNG.com.InvocationTest"/>
  <testcase name="finaTest" time="0.002" classname="com.testNG.com.InvocationTest"/>
  <testcase name="deployment" time="0.008" classname="com.testNG.com.InvocationTest"/>
  <testcase name="designtheOutline" time="0.001" classname="com.testNG.com.InvocationTest"/>
  <testcase name="recodingtheSoftware" time="0.003" classname="com.testNG.com.InvocationTest"/>
  <testcase name="requirement" time="0.001" classname="com.testNG.com.InvocationTest"/>
</testsuite> <!-- com.testNG.com.InvocationTest -->
