<?xml version="1.0" encoding="UTF-8"?>
<!-- Generated by org.testng.reporters.JUnitReportReporter -->
<testsuite skipped="0" hostname="LAPTOP-BN5E6IUR" name="com.testNG.com.PriorityTest" tests="4" failures="0" timestamp="2021-06-10T22:50:03 IST" time="0.010" errors="0">
  <testcase name="insertKey" time="0.010" classname="com.testNG.com.PriorityTest"/>
  <testcase name="gearOne" time="0.000" classname="com.testNG.com.PriorityTest"/>
  <testcase name="gearTwo" time="0.000" classname="com.testNG.com.PriorityTest"/>
  <testcase name="stoptheCar" time="0.000" classname="com.testNG.com.PriorityTest"/>
</testsuite> <!-- com.testNG.com.PriorityTest -->
