<?xml version="1.0" encoding="UTF-8"?>
<!-- Generated by org.testng.reporters.JUnitReportReporter -->
<testsuite skipped="0" hostname="LAPTOP-BN5E6IUR" name="com.testNG.com.ExceptionTest" tests="1" failures="0" timestamp="2021-06-10T22:36:53 IST" time="0.008" errors="0">
  <testcase name="calculation" time="0.008" classname="com.testNG.com.ExceptionTest"/>
</testsuite> <!-- com.testNG.com.ExceptionTest -->
