<?xml version="1.0" encoding="UTF-8"?>
<!-- Generated by org.testng.reporters.JUnitReportReporter -->
<testsuite skipped="0" hostname="LAPTOP-BN5E6IUR" name="com.testNG.com.TimeoutTest" tests="3" failures="0" timestamp="2021-06-10T22:43:18 IST" time="1.033" errors="0">
  <testcase name="requirement" time="0.000" classname="com.testNG.com.TimeoutTest"/>
  <testcase name="designtheOutline" time="1.032" classname="com.testNG.com.TimeoutTest"/>
  <testcase name="developtheCode" time="0.001" classname="com.testNG.com.TimeoutTest"/>
</testsuite> <!-- com.testNG.com.TimeoutTest -->
