<?xml version="1.0" encoding="UTF-8"?>
<!-- Generated by org.testng.reporters.JUnitReportReporter -->
<testsuite skipped="0" hostname="LAPTOP-BN5E6IUR" name="com.testNG.com.SimpleAnnotation" tests="2" failures="0" timestamp="2021-06-12T17:56:34 IST" time="0.005" errors="0">
  <testcase name="addToCart" time="0.004" classname="com.testNG.com.SimpleAnnotation"/>
  <testcase name="oneplusSearch" time="0.001" classname="com.testNG.com.SimpleAnnotation"/>
</testsuite> <!-- com.testNG.com.SimpleAnnotation -->
