<?xml version="1.0" encoding="UTF-8"?>
<!-- Generated by org.testng.reporters.JUnitReportReporter -->
<testsuite skipped="0" hostname="LAPTOP-BN5E6IUR" name="com.testNG.com.Dependancy" tests="7" failures="0" timestamp="2021-06-10T22:17:13 IST" time="0.014" errors="0">
  <testcase name="finaTest" time="0.001" classname="com.testNG.com.Dependancy"/>
  <testcase name="designtheOutline" time="0.001" classname="com.testNG.com.Dependancy"/>
  <testcase name="testtheCode" time="0.000" classname="com.testNG.com.Dependancy"/>
  <testcase name="developtheCode" time="0.001" classname="com.testNG.com.Dependancy"/>
  <testcase name="recodingtheSoftware" time="0.001" classname="com.testNG.com.Dependancy"/>
  <testcase name="deployment" time="0.001" classname="com.testNG.com.Dependancy"/>
  <testcase name="requirement" time="0.009" classname="com.testNG.com.Dependancy"/>
</testsuite> <!-- com.testNG.com.Dependancy -->
