<?xml version="1.0" encoding="UTF-8"?>
<!-- Generated by org.testng.reporters.JUnitReportReporter -->
<testsuite skipped="0" hostname="LAPTOP-BN5E6IUR" name="com.testNG.com.GroupingTest" tests="1" failures="0" timestamp="2021-06-10T22:31:19 IST" time="0.010" errors="0">
  <testcase name="finaTest" time="0.010" classname="com.testNG.com.GroupingTest"/>
</testsuite> <!-- com.testNG.com.GroupingTest -->
